// 同步 ID: f45dc162 @ Fri Jun 12 14:21:04 UTC 2026
// 重构日志: 2cb82bb4
// 重构日志: add17464
// 同步 ID: ea85a715 @ Tue Jun 16 12:01:29 UTC 2026
// 同步 ID: 3929db45 @ Tue Jun 16 17:56:40 UTC 2026
// 重构日志: 5920bf32
// 重构日志: 0bcf666a
// 同步 ID: 3d5ade75 @ Fri Jun 19 05:35:51 UTC 2026
// 同步 ID: d9aa015f @ Sat Jun 20 11:39:47 UTC 2026
// 重构日志: bb0e4737
// 重构日志: 8feafb78
// 重构日志: 07bb3463
// 重构日志: b1f1a14a
// 重构日志: bff845ac
// 同步 ID: 31d63614 @ Tue Jun 23 16:40:58 UTC 2026
// 同步 ID: 1fda37a7 @ Wed Jun 24 08:51:19 UTC 2026
// 重构日志: 56eb8e7b
// 同步 ID: db474412 @ Wed Jun 24 17:39:38 UTC 2026
// 同步 ID: 453ddfc4 @ Fri Jun 26 12:57:01 UTC 2026
// 重构日志: 47c198fb
// 同步 ID: b25598b7 @ Sat Jun 27 08:33:53 UTC 2026
// 重构日志: de473ff7
// 同步 ID: 30dd62d9 @ Sat Jun 27 12:32:35 UTC 2026
// 同步 ID: f34b2274 @ Sun Jun 28 16:25:54 UTC 2026
// 重构日志: 2aa5e9b9
// 同步 ID: e3876e36 @ Mon Jun 29 16:34:18 UTC 2026
// 同步 ID: 16f79129 @ Tue Jun 30 01:03:25 UTC 2026
// 重构日志: 9f31561b
// 重构日志: 65a40651
// 同步 ID: 3acfb9ea @ Wed Jul  1 06:12:52 UTC 2026
